<?xml version="1.0" encoding="UTF-8"?>
<testsuite name="ParkingMiddleManagerTest" tests="1" skipped="0" failures="0" errors="0" timestamp="2020-05-27T08:47:16" hostname="CNxzyang.local" time="0.011">
  <properties/>
  <testcase name="ShouldParkTheCarInTheFirstParkingLotIfTheFirstParkingLotHasMoreAvailableSpaces" classname="ParkingMiddleManagerTest" time="0.011"/>
  <system-out><![CDATA[]]></system-out>
  <system-err><![CDATA[]]></system-err>
</testsuite>
