<?xml version="1.0" encoding="UTF-8"?>
<testsuite name="ParkingLotTest" tests="4" skipped="0" failures="0" errors="0" timestamp="2020-05-20T09:53:49" hostname="CNxzyang.local" time="0.003">
  <properties/>
  <testcase name="ShouldRetrieveACarFromParkingLot" classname="ParkingLotTest" time="0.002"/>
  <testcase name="ShouldNotAddACarToParkingLotWhenNotAvailable" classname="ParkingLotTest" time="0.0"/>
  <testcase name="ShouldAddACarToParkingLotWhenAvailable" classname="ParkingLotTest" time="0.0"/>
  <testcase name="ShouldNotRetrieveACarFromParkingLotWhenNoCarParked" classname="ParkingLotTest" time="0.0"/>
  <system-out><![CDATA[]]></system-out>
  <system-err><![CDATA[]]></system-err>
</testsuite>
